{"/var/www/devot/my-react-app/src/services/api.ts": {"path":"/var/www/devot/my-react-app/src/services/api.ts","statementMap":{"0":{"start":{"line":1,"column":0},"end":{"line":1,"column":26}},"1":{"start":{"line":21,"column":21},"end":{"line":21,"column":43}},"2":{"start":{"line":23,"column":12},"end":{"line":28,"column":2}},"3":{"start":{"line":30,"column":0},"end":{"line":36,"column":3}},"4":{"start":{"line":31,"column":16},"end":{"line":31,"column":50}},"5":{"start":{"line":32,"column":2},"end":{"line":34,"column":3}},"6":{"start":{"line":33,"column":4},"end":{"line":33,"column":53}},"7":{"start":{"line":35,"column":2},"end":{"line":35,"column":16}},"8":{"start":{"line":38,"column":13},"end":{"line":44,"column":2}},"9":{"start":{"line":40,"column":4},"end":{"line":40,"column":45}},"10":{"start":{"line":42,"column":4},"end":{"line":42,"column":42}},"11":{"start":{"line":43,"column":16},"end":{"line":43,"column":35}},"12":{"start":{"line":46,"column":13},"end":{"line":53,"column":2}},"13":{"start":{"line":47,"column":16},"end":{"line":47,"column":50}},"14":{"start":{"line":49,"column":4},"end":{"line":49,"column":43}},"15":{"start":{"line":51,"column":4},"end":{"line":51,"column":48}},"16":{"start":{"line":52,"column":26},"end":{"line":52,"column":57}},"17":{"start":{"line":55,"column":13},"end":{"line":61,"column":2}},"18":{"start":{"line":56,"column":39},"end":{"line":56,"column":92}},"19":{"start":{"line":58,"column":4},"end":{"line":58,"column":40}},"20":{"start":{"line":59,"column":51},"end":{"line":59,"column":92}},"21":{"start":{"line":60,"column":26},"end":{"line":60,"column":55}},"22":{"start":{"line":63,"column":13},"end":{"line":67,"column":2}},"23":{"start":{"line":64,"column":44},"end":{"line":64,"column":90}},"24":{"start":{"line":65,"column":19},"end":{"line":65,"column":47}},"25":{"start":{"line":66,"column":25},"end":{"line":66,"column":60}}},"fnMap":{"0":{"name":"(anonymous_0)","decl":{"start":{"line":30,"column":29},"end":{"line":30,"column":30}},"loc":{"start":{"line":30,"column":40},"end":{"line":36,"column":1}}},"1":{"name":"(anonymous_1)","decl":{"start":{"line":39,"column":12},"end":{"line":39,"column":13}},"loc":{"start":{"line":40,"column":4},"end":{"line":40,"column":45}}},"2":{"name":"(anonymous_2)","decl":{"start":{"line":41,"column":9},"end":{"line":41,"column":10}},"loc":{"start":{"line":42,"column":4},"end":{"line":42,"column":42}}},"3":{"name":"(anonymous_3)","decl":{"start":{"line":43,"column":10},"end":{"line":43,"column":13}},"loc":{"start":{"line":43,"column":16},"end":{"line":43,"column":35}}},"4":{"name":"(anonymous_4)","decl":{"start":{"line":47,"column":10},"end":{"line":47,"column":13}},"loc":{"start":{"line":47,"column":16},"end":{"line":47,"column":50}}},"5":{"name":"(anonymous_5)","decl":{"start":{"line":48,"column":10},"end":{"line":48,"column":11}},"loc":{"start":{"line":49,"column":4},"end":{"line":49,"column":43}}},"6":{"name":"(anonymous_6)","decl":{"start":{"line":50,"column":10},"end":{"line":50,"column":11}},"loc":{"start":{"line":51,"column":4},"end":{"line":51,"column":48}}},"7":{"name":"(anonymous_7)","decl":{"start":{"line":52,"column":10},"end":{"line":52,"column":11}},"loc":{"start":{"line":52,"column":26},"end":{"line":52,"column":57}}},"8":{"name":"(anonymous_8)","decl":{"start":{"line":56,"column":10},"end":{"line":56,"column":11}},"loc":{"start":{"line":56,"column":39},"end":{"line":56,"column":92}}},"9":{"name":"(anonymous_9)","decl":{"start":{"line":57,"column":10},"end":{"line":57,"column":11}},"loc":{"start":{"line":58,"column":4},"end":{"line":58,"column":40}}},"10":{"name":"(anonymous_10)","decl":{"start":{"line":59,"column":10},"end":{"line":59,"column":11}},"loc":{"start":{"line":59,"column":51},"end":{"line":59,"column":92}}},"11":{"name":"(anonymous_11)","decl":{"start":{"line":60,"column":10},"end":{"line":60,"column":11}},"loc":{"start":{"line":60,"column":26},"end":{"line":60,"column":55}}},"12":{"name":"(anonymous_12)","decl":{"start":{"line":64,"column":14},"end":{"line":64,"column":15}},"loc":{"start":{"line":64,"column":44},"end":{"line":64,"column":90}}},"13":{"name":"(anonymous_13)","decl":{"start":{"line":65,"column":13},"end":{"line":65,"column":16}},"loc":{"start":{"line":65,"column":19},"end":{"line":65,"column":47}}},"14":{"name":"(anonymous_14)","decl":{"start":{"line":66,"column":19},"end":{"line":66,"column":22}},"loc":{"start":{"line":66,"column":25},"end":{"line":66,"column":60}}}},"branchMap":{"0":{"loc":{"start":{"line":32,"column":2},"end":{"line":34,"column":3}},"type":"if","locations":[{"start":{"line":32,"column":2},"end":{"line":34,"column":3}},{"start":{},"end":{}}]},"1":{"loc":{"start":{"line":64,"column":15},"end":{"line":64,"column":39}},"type":"default-arg","locations":[{"start":{"line":64,"column":32},"end":{"line":64,"column":39}}]}},"s":{"0":0,"1":0,"2":0,"3":0,"4":0,"5":0,"6":0,"7":0,"8":0,"9":0,"10":0,"11":0,"12":0,"13":0,"14":0,"15":0,"16":0,"17":0,"18":0,"19":0,"20":0,"21":0,"22":0,"23":0,"24":0,"25":0},"f":{"0":0,"1":0,"2":0,"3":0,"4":0,"5":0,"6":0,"7":0,"8":0,"9":0,"10":0,"11":0,"12":0,"13":0,"14":0},"b":{"0":[0,0],"1":[0]}}
}
